2016/01/28 17:56:01 [/cube2/html/admin/index.php] access error. from ::1
2016/01/28 17:56:01 [/cube2/html/admin/index.php] login: user=admin(2) auth=0 lastlogin= sid= from ::1
2016/01/28 17:56:01 [/cube2/html/admin/home.php] access : user=admin auth=0 sid=99t08nanv4o74i4vln2a2kaia4 from ::1
2016/01/28 17:57:26 [/cube2/html/admin/ownersstore/index.php] access : user=admin auth=0 sid=99t08nanv4o74i4vln2a2kaia4 from ::1
2016/01/28 17:57:31 [/cube2/html/admin/system/index.php] access : user=admin auth=0 sid=99t08nanv4o74i4vln2a2kaia4 from ::1
2016/01/28 17:57:34 [/cube2/html/admin/system/input.php] access : user=admin auth=0 sid=99t08nanv4o74i4vln2a2kaia4 from ::1
2016/01/28 17:57:40 [/cube2/html/admin/design/index.php] access : user=admin auth=0 sid=99t08nanv4o74i4vln2a2kaia4 from ::1
2016/01/28 17:57:43 [/cube2/html/admin/contents/index.php] access : user=admin auth=0 sid=99t08nanv4o74i4vln2a2kaia4 from ::1
2016/01/29 13:42:29 [/cube2/html/admin/index.php] access error. from ::1
2016/01/29 13:42:29 [/cube2/html/admin/index.php] login: user=admin(2) auth=0 lastlogin=2016-01-28 17:56:01 sid= from ::1
2016/01/29 13:42:36 [/cube2/html/admin/index.php] access : user=admin auth=0 sid=uueerh6akh85lvn6pja6bgtj82 from ::1
2016/01/29 13:42:36 [/cube2/html/admin/index.php] login: user=admin(2) auth=0 lastlogin=2016-01-29 13:42:29 sid=uueerh6akh85lvn6pja6bgtj82 from ::1
2016/01/29 13:42:59 [/cube2/html/admin/index.php] access : user=admin auth=0 sid=i43mrbs1mjm9b2vv736lfj1hj2 from ::1
2016/01/29 13:42:59 [/cube2/html/admin/index.php] login: user=admin(2) auth=0 lastlogin=2016-01-29 13:42:36 sid=i43mrbs1mjm9b2vv736lfj1hj2 from ::1
2016/01/29 13:43:12 [/cube2/html/admin/index.php] access : user=admin auth=0 sid=e1n29s5gi1dn1nveh9ok0q5tv7 from ::1
2016/01/29 13:43:12 [/cube2/html/admin/index.php] login: user=admin(2) auth=0 lastlogin=2016-01-29 13:42:59 sid=e1n29s5gi1dn1nveh9ok0q5tv7 from ::1
2016/01/29 13:43:12 [/cube2/html/admin/home.php] access : user=admin auth=0 sid=e1n29s5gi1dn1nveh9ok0q5tv7 from ::1
2016/01/29 13:43:24 [/cube2/html/admin/system/parameter.php] access : user=admin auth=0 sid=e1n29s5gi1dn1nveh9ok0q5tv7 from ::1
2016/01/29 13:44:18 [/cube2/html/admin/home.php] access : user=admin auth=0 sid=e1n29s5gi1dn1nveh9ok0q5tv7 from ::1
2016/01/29 13:58:26 [/cube2/html/admin/customer/edit.php] access : user=admin auth=0 sid=e1n29s5gi1dn1nveh9ok0q5tv7 from ::1
2016/01/29 14:00:37 [/cube2/html/admin/customer/edit.php] access : user=admin auth=0 sid=e1n29s5gi1dn1nveh9ok0q5tv7 from ::1
2016/01/29 14:01:17 [/cube2/html/admin/customer/edit.php] access : user=admin auth=0 sid=e1n29s5gi1dn1nveh9ok0q5tv7 from ::1
2016/01/29 14:01:20 [/cube2/html/admin/customer/edit.php] access : user=admin auth=0 sid=e1n29s5gi1dn1nveh9ok0q5tv7 from ::1
2016/01/29 14:01:23 [/cube2/html/admin/customer/edit.php] access : user=admin auth=0 sid=e1n29s5gi1dn1nveh9ok0q5tv7 from ::1
