2016/01/29 13:42:13 [/cube2/html/index.php] Warning(E_WARNING): require_once(./myfunc/debug.php): failed to open stream: No such file or directory on [C:\xampp\htdocs\cube2\html\index.php(24)] from ::1
2016/01/29 13:42:13 [/cube2/html/index.php] Fatal error(E_COMPILE_ERROR): require_once(): Failed opening required './myfunc/debug.php' (include_path='C:\xampp\htdocs\cube2\data\module;.;C:\xampp\php\PEAR') on [C:\xampp\htdocs\cube2\html\index.php(24)] from ::1
customer_id = 
2016/01/29 13:42:22 [/cube2/html/index.php] Warning(E_WARNING): require_once(./myfunc/debug.php): failed to open stream: No such file or directory on [C:\xampp\htdocs\cube2\html\index.php(24)] from ::1
2016/01/29 13:42:22 [/cube2/html/index.php] Fatal error(E_COMPILE_ERROR): require_once(): Failed opening required './myfunc/debug.php' (include_path='C:\xampp\htdocs\cube2\data\module;.;C:\xampp\php\PEAR') on [C:\xampp\htdocs\cube2\html\index.php(24)] from ::1
customer_id = 
2016/01/29 13:42:29 [/cube2/html/admin/index.php] Fatal error(E_USER_ERROR):  on [C:\xampp\htdocs\cube2\data\class\SC_Response.php(195)] from ::1
login_id = admin(0)[agg0kabt1ggh4ej2lsverjaor1]
C:\xampp\htdocs\cube2\html\admin\index.php(28): LC_Page_Admin_Index_Ex->process
C:\xampp\htdocs\cube2\data\class_extends\page_extends\admin\LC_Page_Admin_Index_Ex.php(54): LC_Page_Admin_Index->process
C:\xampp\htdocs\cube2\data\class\pages\admin\LC_Page_Admin_Index.php(54): LC_Page_Admin_Index->action
C:\xampp\htdocs\cube2\data\class\pages\admin\LC_Page_Admin_Index.php(77): SC_Response->sendRedirect
C:\xampp\htdocs\cube2\data\class\SC_Response.php(195): trigger_error
2016/01/29 13:42:36 [/cube2/html/admin/index.php] Fatal error(E_USER_ERROR):  on [C:\xampp\htdocs\cube2\data\class\SC_Response.php(195)] from ::1
login_id = admin(0)[uueerh6akh85lvn6pja6bgtj82]
C:\xampp\htdocs\cube2\html\admin\index.php(28): LC_Page_Admin_Index_Ex->process
C:\xampp\htdocs\cube2\data\class_extends\page_extends\admin\LC_Page_Admin_Index_Ex.php(54): LC_Page_Admin_Index->process
C:\xampp\htdocs\cube2\data\class\pages\admin\LC_Page_Admin_Index.php(54): LC_Page_Admin_Index->action
C:\xampp\htdocs\cube2\data\class\pages\admin\LC_Page_Admin_Index.php(77): SC_Response->sendRedirect
C:\xampp\htdocs\cube2\data\class\SC_Response.php(195): trigger_error
2016/01/29 13:42:59 [/cube2/html/admin/index.php] Fatal error(E_USER_ERROR):  on [C:\xampp\htdocs\cube2\data\class\SC_Response.php(195)] from ::1
login_id = admin(0)[i43mrbs1mjm9b2vv736lfj1hj2]
C:\xampp\htdocs\cube2\html\admin\index.php(28): LC_Page_Admin_Index_Ex->process
C:\xampp\htdocs\cube2\data\class_extends\page_extends\admin\LC_Page_Admin_Index_Ex.php(54): LC_Page_Admin_Index->process
C:\xampp\htdocs\cube2\data\class\pages\admin\LC_Page_Admin_Index.php(54): LC_Page_Admin_Index->action
C:\xampp\htdocs\cube2\data\class\pages\admin\LC_Page_Admin_Index.php(77): SC_Response->sendRedirect
C:\xampp\htdocs\cube2\data\class\SC_Response.php(195): trigger_error
2016/01/29 13:44:31 [/cube2/html/index.php] Warning(E_WARNING): require_once(./myfunc/debug.php): failed to open stream: No such file or directory on [C:\xampp\htdocs\cube2\html\index.php(24)] from ::1
2016/01/29 13:44:31 [/cube2/html/index.php] Fatal error(E_COMPILE_ERROR): require_once(): Failed opening required './myfunc/debug.php' (include_path='C:\xampp\htdocs\cube2\data\module;.;C:\xampp\php\PEAR') on [C:\xampp\htdocs\cube2\html\index.php(24)] from ::1
customer_id = 
2016/01/29 13:50:28 [/cube2/html/frontparts/login_check.php] Fatal error(E_ERROR): Call to undefined function ezd() on [C:\xampp\htdocs\cube2\data\class\pages\frontparts\LC_Page_FrontParts_LoginCheck.php(88)] from ::1
customer_id = 
2016/01/29 14:06:43 [/cube2/html/mypage/login.php] Fatal error(E_ERROR): Call to undefined function ezd() on [C:\xampp\htdocs\cube2\data\class\pages\mypage\LC_Page_AbstractMypage.php(56)] from ::1
customer_id = 
2016/01/29 14:06:44 [/cube2/html/mypage/login.php] Fatal error(E_ERROR): Call to undefined function ezd() on [C:\xampp\htdocs\cube2\data\class\pages\mypage\LC_Page_AbstractMypage.php(56)] from ::1
customer_id = 
2016/01/29 14:06:45 [/cube2/html/mypage/login.php] Fatal error(E_ERROR): Call to undefined function ezd() on [C:\xampp\htdocs\cube2\data\class\pages\mypage\LC_Page_AbstractMypage.php(56)] from ::1
customer_id = 
2016/01/29 14:06:48 [/cube2/html/mypage/index.php] Fatal error(E_ERROR): Call to undefined function ezd() on [C:\xampp\htdocs\cube2\data\class\pages\mypage\LC_Page_AbstractMypage.php(56)] from ::1
customer_id = 
2016/01/29 14:06:49 [/cube2/html/mypage/login.php] Fatal error(E_ERROR): Call to undefined function ezd() on [C:\xampp\htdocs\cube2\data\class\pages\mypage\LC_Page_AbstractMypage.php(56)] from ::1
customer_id = 
2016/01/29 14:44:34 [/cube2/html/index.php] Fatal error(E_PARSE): syntax error, unexpected '::' (T_PAAMAYIM_NEKUDOTAYIM) on [C:\xampp\htdocs\cube2\data\class_extends\page_extends\LC_Page_Index_Ex.php(54)] from ::1
customer_id = 1
2016/01/29 14:47:57 [/cube2/html/frontparts/login_check.php] Fatal error(E_ERROR): Call to undefined function ezd() on [C:\xampp\htdocs\cube2\data\class\SC_Customer.php(209)] from ::1
customer_id = 1
2016/01/29 14:59:45 [/cube2/html/index.php] Fatal error(E_PARSE): syntax error, unexpected '{' on [C:\xampp\htdocs\cube2\data\class\SC_Customer.php(209)] from ::1
customer_id = 1
2016/01/29 15:00:10 [/cube2/html/index.php] Fatal error(E_PARSE): syntax error, unexpected '{' on [C:\xampp\htdocs\cube2\data\class\SC_Customer.php(209)] from ::1
customer_id = 1
2016/01/29 15:00:12 [/cube2/html/index.php] Fatal error(E_PARSE): syntax error, unexpected '{' on [C:\xampp\htdocs\cube2\data\class\SC_Customer.php(209)] from ::1
customer_id = 1
2016/01/29 15:02:16 [/cube2/html/index.php] Fatal error(E_PARSE): syntax error, unexpected '{' on [C:\xampp\htdocs\cube2\data\class\SC_Customer.php(209)] from ::1
customer_id = 1
2016/01/29 15:02:34 [/cube2/html/index.php] Fatal error(E_PARSE): syntax error, unexpected '{' on [C:\xampp\htdocs\cube2\data\class\SC_Customer.php(209)] from ::1
customer_id = 
2016/01/29 15:04:01 [/cube2/html/index.php] Fatal error(E_PARSE): syntax error, unexpected '{' on [C:\xampp\htdocs\cube2\data\class\SC_Customer.php(209)] from ::1
customer_id = 1
2016/01/29 15:04:02 [/cube2/html/index.php] Fatal error(E_PARSE): syntax error, unexpected '{' on [C:\xampp\htdocs\cube2\data\class\SC_Customer.php(209)] from ::1
customer_id = 1
2016/01/29 15:04:02 [/cube2/html/index.php] Fatal error(E_PARSE): syntax error, unexpected '{' on [C:\xampp\htdocs\cube2\data\class\SC_Customer.php(209)] from ::1
customer_id = 1
2016/01/29 15:04:02 [/cube2/html/index.php] Fatal error(E_PARSE): syntax error, unexpected '{' on [C:\xampp\htdocs\cube2\data\class\SC_Customer.php(209)] from ::1
customer_id = 1
2016/01/29 15:04:09 [/cube2/html/index.php] Fatal error(E_PARSE): syntax error, unexpected '{' on [C:\xampp\htdocs\cube2\data\class\SC_Customer.php(209)] from ::1
customer_id = 1
2016/01/29 15:04:12 [/cube2/html/index.php] Fatal error(E_PARSE): syntax error, unexpected '{' on [C:\xampp\htdocs\cube2\data\class\SC_Customer.php(209)] from ::1
customer_id = 1
2016/01/29 15:06:19 [/cube2/html/index.php] Fatal error(E_PARSE): syntax error, unexpected '{' on [C:\xampp\htdocs\cube2\data\class\SC_Customer.php(209)] from ::1
customer_id = 1
2016/01/29 15:07:08 [/cube2/html/index.php] Fatal error(E_PARSE): syntax error, unexpected '{' on [C:\xampp\htdocs\cube2\data\class\SC_Customer.php(209)] from ::1
customer_id = 1
2016/01/29 15:07:43 [/cube2/html/index.php] Fatal error(E_PARSE): syntax error, unexpected '{' on [C:\xampp\htdocs\cube2\data\class\SC_Customer.php(209)] from ::1
customer_id = 1
2016/01/29 15:08:12 [/cube2/html/index.php] Fatal error(E_PARSE): syntax error, unexpected '{' on [C:\xampp\htdocs\cube2\data\class\SC_Customer.php(209)] from ::1
customer_id = 1
2016/01/29 15:16:37 [/cube2/html/index.php] Fatal error(E_PARSE): syntax error, unexpected 'var_dump' (T_STRING), expecting ',' or ';' on [C:\xampp\htdocs\cube2\data\class_extends\page_extends\LC_Page_Index_Ex.php(81)] from ::1
customer_id = 
2016/01/29 15:26:07 [/cube2/html/products/detail.php] Fatal error(E_ERROR): Call to undefined function ezd() on [C:\xampp\htdocs\cube2\data\class\SC_Display.php(74)] from ::1
customer_id = 
2016/01/29 15:26:33 [/cube2/html/products/detail.php] Fatal error(E_ERROR): Call to undefined function ezd() on [C:\xampp\htdocs\cube2\data\class\SC_Display.php(74)] from ::1
customer_id = 
2016/01/29 15:53:24 [/cube2/html/index.php] Fatal error(E_PARSE): syntax error, unexpected '}', expecting identifier (T_STRING) or variable (T_VARIABLE) or '{' or '$' on [C:\xampp\htdocs\cube2\data\class_extends\page_extends\LC_Page_Index_Ex.php(85)] from ::1
customer_id = 
2016/01/29 15:53:35 [/cube2/html/index.php] Warning(E_WARNING): session_start(): Failed to decode session object. Session has been destroyed on [C:\xampp\htdocs\cube2\data\class\sessionfactory\SC_SessionFactory_UseCookie.php(53)] from ::1
2016/01/29 15:53:35 [/cube2/html/index.php] Fatal error(E_PARSE): syntax error, unexpected 'public' (T_PUBLIC) on [C:\xampp\htdocs\cube2\data\class\pages\LC_Page.php(173)] from ::1
customer_id = 
2016/01/29 15:53:48 [/cube2/html/index.php] Fatal error(E_PARSE): syntax error, unexpected 'public' (T_PUBLIC) on [C:\xampp\htdocs\cube2\data\class\pages\LC_Page.php(173)] from ::1
customer_id = 
2016/01/29 15:54:21 [/cube2/html/index.php] Fatal error(E_PARSE): syntax error, unexpected 'public' (T_PUBLIC) on [C:\xampp\htdocs\cube2\data\class\pages\LC_Page.php(175)] from ::1
customer_id = 
2016/01/29 15:56:01 [/cube2/html/index.php] Fatal error(E_PARSE): syntax error, unexpected 'public' (T_PUBLIC) on [C:\xampp\htdocs\cube2\data\class\pages\LC_Page.php(175)] from ::1
customer_id = 
2016/01/29 15:56:03 [/cube2/html/index.php] Fatal error(E_PARSE): syntax error, unexpected 'public' (T_PUBLIC) on [C:\xampp\htdocs\cube2\data\class\pages\LC_Page.php(175)] from ::1
customer_id = 
2016/01/29 16:01:47 [/cube2/html/mypage/login.php] Fatal error(E_ERROR): Call to undefined function ezd() on [C:\xampp\htdocs\cube2\data\class\SC_Display.php(80)] from ::1
customer_id = 
2016/01/29 16:02:18 [/cube2/html/mypage/login.php] Fatal error(E_ERROR): Call to undefined function ezd() on [C:\xampp\htdocs\cube2\data\class\SC_Display.php(80)] from ::1
customer_id = 
2016/01/29 16:02:23 [/cube2/html/mypage/login.php] Fatal error(E_ERROR): Call to undefined function ezd() on [C:\xampp\htdocs\cube2\data\class\SC_Display.php(80)] from ::1
customer_id = 
2016/01/29 16:02:23 [/cube2/html/mypage/login.php] Fatal error(E_ERROR): Call to undefined function ezd() on [C:\xampp\htdocs\cube2\data\class\SC_Display.php(80)] from ::1
customer_id = 
2016/01/29 16:02:31 [/cube2/html/mypage/login.php] Fatal error(E_ERROR): Call to undefined function ezd() on [C:\xampp\htdocs\cube2\data\class\SC_Display.php(80)] from ::1
customer_id = 
2016/01/29 16:04:51 [/cube2/html/mypage/login.php] Fatal error(E_ERROR): Call to undefined function ezd() on [C:\xampp\htdocs\cube2\data\class\SC_Display.php(80)] from ::1
customer_id = 
2016/01/29 16:06:57 [/cube2/html/index.php] Fatal error(E_USER_ERROR):  on [C:\xampp\htdocs\cube2\data\class\SC_Response.php(195)] from ::1
customer_id = 
C:\xampp\htdocs\cube2\html\index.php(29): LC_Page_Index_Ex->process
C:\xampp\htdocs\cube2\data\class_extends\page_extends\LC_Page_Index_Ex.php(54): LC_Page_Index->process
C:\xampp\htdocs\cube2\data\class\pages\LC_Page_Index.php(54): LC_Page_Index->sendResponse
C:\xampp\htdocs\cube2\data\class\pages\LC_Page_Index.php(83): SC_Response->sendRedirect
C:\xampp\htdocs\cube2\data\class\SC_Response.php(195): trigger_error
2016/01/29 16:09:45 [/cube2/html/mypage/login.php] Fatal error(E_ERROR): Call to undefined function ezd() on [C:\xampp\htdocs\cube2\data\class\SC_Display.php(80)] from ::1
customer_id = 
2016/01/29 16:09:58 [/cube2/html/mypage/login.php] Fatal error(E_ERROR): Call to undefined function ezd() on [C:\xampp\htdocs\cube2\data\class\SC_Display.php(80)] from ::1
customer_id = 
2016/01/29 16:11:48 [/cube2/html/mypage/login.php] Fatal error(E_ERROR): Call to undefined function ezd() on [C:\xampp\htdocs\cube2\data\class\SC_Display.php(80)] from ::1
customer_id = 
2016/01/29 16:12:11 [/cube2/html/mypage/login.php] Fatal error(E_ERROR): Call to undefined function ezd() on [C:\xampp\htdocs\cube2\data\class\SC_Display.php(80)] from ::1
customer_id = 
2016/01/29 16:14:03 [/cube2/html/mypage/login.php] Fatal error(E_ERROR): Call to undefined function ezd() on [C:\xampp\htdocs\cube2\data\class\SC_Display.php(80)] from ::1
customer_id = 
2016/01/29 16:16:14 [/cube2/html/products/list.php] Fatal error(E_ERROR): Call to undefined function ezd() on [C:\xampp\htdocs\cube2\data\class\SC_Display.php(80)] from ::1
customer_id = 
2016/01/29 16:16:19 [/cube2/html/products/detail.php] Fatal error(E_ERROR): Call to undefined function ezd() on [C:\xampp\htdocs\cube2\data\class\SC_Display.php(80)] from ::1
customer_id = 
2016/01/29 16:16:59 [/cube2/html/products/detail.php] Fatal error(E_ERROR): Call to undefined function ezd() on [C:\xampp\htdocs\cube2\data\class\SC_Display.php(80)] from ::1
customer_id = 
2016/01/29 16:18:52 [/cube2/html/index.php] Fatal error(E_USER_ERROR):  on [C:\xampp\htdocs\cube2\data\class\SC_Response.php(195)] from ::1
customer_id = 
C:\xampp\htdocs\cube2\html\index.php(29): LC_Page_Index_Ex->process
C:\xampp\htdocs\cube2\data\class_extends\page_extends\LC_Page_Index_Ex.php(54): LC_Page_Index->process
C:\xampp\htdocs\cube2\data\class\pages\LC_Page_Index.php(54): LC_Page_Index->sendResponse
C:\xampp\htdocs\cube2\data\class\pages\LC_Page_Index.php(83): SC_Response->sendRedirect
C:\xampp\htdocs\cube2\data\class\SC_Response.php(195): trigger_error
2016/01/29 16:50:10 [/cube2/html/mypage/login.php] Fatal error(E_ERROR): Class 'LC_Page_Mypage_Login' not found on [C:\xampp\htdocs\cube2\data\class_extends\page_extends\mypage\LC_Page_Mypage_Login_Ex.php(36)] from ::1
customer_id = 
2016/01/29 16:50:21 [/cube2/html/mypage/login.php] Fatal error(E_ERROR): Class 'LC_Page_Mypage_Login' not found on [C:\xampp\htdocs\cube2\data\class_extends\page_extends\mypage\LC_Page_Mypage_Login_Ex.php(36)] from ::1
customer_id = 
2016/01/29 16:50:24 [/cube2/html/mypage/login.php] Fatal error(E_ERROR): Class 'LC_Page_Mypage_Login' not found on [C:\xampp\htdocs\cube2\data\class_extends\page_extends\mypage\LC_Page_Mypage_Login_Ex.php(36)] from ::1
customer_id = 
2016/01/29 16:50:43 [/cube2/html/mypage/login.php] Fatal error(E_ERROR): Class 'LC_Page_Mypage_Login' not found on [C:\xampp\htdocs\cube2\data\class_extends\page_extends\mypage\LC_Page_Mypage_Login_Ex.php(36)] from ::1
customer_id = 
2016/01/29 16:50:47 [/cube2/html/mypage/login.php] Fatal error(E_ERROR): Class 'LC_Page_Mypage_Login' not found on [C:\xampp\htdocs\cube2\data\class_extends\page_extends\mypage\LC_Page_Mypage_Login_Ex.php(36)] from ::1
customer_id = 
2016/01/29 16:50:49 [/cube2/html/mypage/login.php] Fatal error(E_ERROR): Class 'LC_Page_Mypage_Login' not found on [C:\xampp\htdocs\cube2\data\class_extends\page_extends\mypage\LC_Page_Mypage_Login_Ex.php(36)] from ::1
customer_id = 
2016/01/29 16:50:53 [/cube2/html/mypage/login.php] Fatal error(E_ERROR): Class 'LC_Page_Mypage_Login' not found on [C:\xampp\htdocs\cube2\data\class_extends\page_extends\mypage\LC_Page_Mypage_Login_Ex.php(36)] from ::1
customer_id = 
2016/01/29 17:08:42 [/cube2/html/original/index.php] Warning(E_USER_WARNING): ページ情報を取得できませんでした。 on [C:\xampp\htdocs\cube2\data\class\helper\SC_Helper_PageLayout.php(58)] from ::1
2016/01/29 17:08:42 [/cube2/html/original/index.php] Warning(E_USER_WARNING): メイン部のテンプレートが存在しません。[C:/xampp/htdocs/cube2/html/../data/Smarty/templates/default/.tpl] on [C:\xampp\htdocs\cube2\data\class\helper\SC_Helper_PageLayout.php(65)] from ::1
2016/01/29 17:09:17 [/cube2/html/original/index.php] Warning(E_USER_WARNING): ページ情報を取得できませんでした。 on [C:\xampp\htdocs\cube2\data\class\helper\SC_Helper_PageLayout.php(58)] from ::1
2016/01/29 17:09:17 [/cube2/html/original/index.php] Warning(E_USER_WARNING): メイン部のテンプレートが存在しません。[C:/xampp/htdocs/cube2/html/../data/Smarty/templates/default/.tpl] on [C:\xampp\htdocs\cube2\data\class\helper\SC_Helper_PageLayout.php(65)] from ::1
2016/01/29 17:19:59 [/cube2/html/original/index.php] Warning(E_USER_WARNING): ページ情報を取得できませんでした。 on [C:\xampp\htdocs\cube2\data\class\helper\SC_Helper_PageLayout.php(58)] from ::1
2016/01/29 17:19:59 [/cube2/html/original/index.php] Warning(E_USER_WARNING): メイン部のテンプレートが存在しません。[C:/xampp/htdocs/cube2/html/../data/Smarty/templates/default/.tpl] on [C:\xampp\htdocs\cube2\data\class\helper\SC_Helper_PageLayout.php(65)] from ::1
2016/01/29 17:22:09 [/cube2/html/original/index.php] Warning(E_USER_WARNING): ページ情報を取得できませんでした。 on [C:\xampp\htdocs\cube2\data\class\helper\SC_Helper_PageLayout.php(58)] from ::1
2016/01/29 17:22:09 [/cube2/html/original/index.php] Warning(E_USER_WARNING): メイン部のテンプレートが存在しません。[C:/xampp/htdocs/cube2/html/../data/Smarty/templates/default/.tpl] on [C:\xampp\htdocs\cube2\data\class\helper\SC_Helper_PageLayout.php(65)] from ::1
2016/01/29 17:23:44 [/cube2/html/original/index.php] Warning(E_USER_WARNING): ページ情報を取得できませんでした。 on [C:\xampp\htdocs\cube2\data\class\helper\SC_Helper_PageLayout.php(58)] from ::1
2016/01/29 17:23:44 [/cube2/html/original/index.php] Warning(E_USER_WARNING): メイン部のテンプレートが存在しません。[C:/xampp/htdocs/cube2/html/../data/Smarty/templates/default/.tpl] on [C:\xampp\htdocs\cube2\data\class\helper\SC_Helper_PageLayout.php(65)] from ::1
2016/01/29 17:25:27 [/cube2/html/frontparts/login_check.php] Fatal error(E_ERROR): Call to undefined function ezd() on [C:\xampp\htdocs\cube2\data\class\pages\frontparts\LC_Page_FrontParts_LoginCheck.php(66)] from ::1
customer_id = 
2016/01/29 17:25:32 [/cube2/html/frontparts/login_check.php] Fatal error(E_ERROR): Call to undefined function ezd() on [C:\xampp\htdocs\cube2\data\class\pages\frontparts\LC_Page_FrontParts_LoginCheck.php(66)] from ::1
customer_id = 
2016/01/29 17:27:14 [/cube2/html/frontparts/login_check.php] Fatal error(E_ERROR): Call to undefined function ezd() on [C:\xampp\htdocs\cube2\html\frontparts\login_check.php(27)] from ::1
customer_id = 
2016/01/29 17:27:17 [/cube2/html/original/index.php] Warning(E_USER_WARNING): ページ情報を取得できませんでした。 on [C:\xampp\htdocs\cube2\data\class\helper\SC_Helper_PageLayout.php(58)] from ::1
2016/01/29 17:27:17 [/cube2/html/original/index.php] Warning(E_USER_WARNING): メイン部のテンプレートが存在しません。[C:/xampp/htdocs/cube2/html/../data/Smarty/templates/default/.tpl] on [C:\xampp\htdocs\cube2\data\class\helper\SC_Helper_PageLayout.php(65)] from ::1
2016/01/29 17:27:23 [/cube2/html/frontparts/login_check.php] Fatal error(E_ERROR): Call to undefined function ezd() on [C:\xampp\htdocs\cube2\html\frontparts\login_check.php(27)] from ::1
customer_id = 
2016/01/29 17:27:54 [/cube2/html/frontparts/login_check.php] Fatal error(E_ERROR): Call to undefined function ezd() on [C:\xampp\htdocs\cube2\html\frontparts\login_check.php(27)] from ::1
customer_id = 
2016/01/29 17:29:44 [/cube2/html/original/index.php] Warning(E_USER_WARNING): ページ情報を取得できませんでした。 on [C:\xampp\htdocs\cube2\data\class\helper\SC_Helper_PageLayout.php(58)] from ::1
2016/01/29 17:29:44 [/cube2/html/original/index.php] Warning(E_USER_WARNING): メイン部のテンプレートが存在しません。[C:/xampp/htdocs/cube2/html/../data/Smarty/templates/default/.tpl] on [C:\xampp\htdocs\cube2\data\class\helper\SC_Helper_PageLayout.php(65)] from ::1
2016/01/29 17:31:02 [/cube2/html/original/index.php] Warning(E_USER_WARNING): ページ情報を取得できませんでした。 on [C:\xampp\htdocs\cube2\data\class\helper\SC_Helper_PageLayout.php(58)] from ::1
2016/01/29 17:31:02 [/cube2/html/original/index.php] Warning(E_USER_WARNING): メイン部のテンプレートが存在しません。[C:/xampp/htdocs/cube2/html/../data/Smarty/templates/default/.tpl] on [C:\xampp\htdocs\cube2\data\class\helper\SC_Helper_PageLayout.php(65)] from ::1
2016/01/29 17:31:04 [/cube2/html/original/index.php] Warning(E_USER_WARNING): ページ情報を取得できませんでした。 on [C:\xampp\htdocs\cube2\data\class\helper\SC_Helper_PageLayout.php(58)] from ::1
2016/01/29 17:31:04 [/cube2/html/original/index.php] Warning(E_USER_WARNING): メイン部のテンプレートが存在しません。[C:/xampp/htdocs/cube2/html/../data/Smarty/templates/default/.tpl] on [C:\xampp\htdocs\cube2\data\class\helper\SC_Helper_PageLayout.php(65)] from ::1
2016/01/29 17:31:04 [/cube2/html/original/index.php] Warning(E_USER_WARNING): ページ情報を取得できませんでした。 on [C:\xampp\htdocs\cube2\data\class\helper\SC_Helper_PageLayout.php(58)] from ::1
2016/01/29 17:31:04 [/cube2/html/original/index.php] Warning(E_USER_WARNING): メイン部のテンプレートが存在しません。[C:/xampp/htdocs/cube2/html/../data/Smarty/templates/default/.tpl] on [C:\xampp\htdocs\cube2\data\class\helper\SC_Helper_PageLayout.php(65)] from ::1
2016/01/29 17:31:04 [/cube2/html/original/index.php] Warning(E_USER_WARNING): ページ情報を取得できませんでした。 on [C:\xampp\htdocs\cube2\data\class\helper\SC_Helper_PageLayout.php(58)] from ::1
2016/01/29 17:31:04 [/cube2/html/original/index.php] Warning(E_USER_WARNING): メイン部のテンプレートが存在しません。[C:/xampp/htdocs/cube2/html/../data/Smarty/templates/default/.tpl] on [C:\xampp\htdocs\cube2\data\class\helper\SC_Helper_PageLayout.php(65)] from ::1
2016/01/29 17:31:04 [/cube2/html/original/index.php] Warning(E_USER_WARNING): ページ情報を取得できませんでした。 on [C:\xampp\htdocs\cube2\data\class\helper\SC_Helper_PageLayout.php(58)] from ::1
2016/01/29 17:31:04 [/cube2/html/original/index.php] Warning(E_USER_WARNING): メイン部のテンプレートが存在しません。[C:/xampp/htdocs/cube2/html/../data/Smarty/templates/default/.tpl] on [C:\xampp\htdocs\cube2\data\class\helper\SC_Helper_PageLayout.php(65)] from ::1
2016/01/29 17:31:04 [/cube2/html/original/index.php] Warning(E_USER_WARNING): ページ情報を取得できませんでした。 on [C:\xampp\htdocs\cube2\data\class\helper\SC_Helper_PageLayout.php(58)] from ::1
2016/01/29 17:31:04 [/cube2/html/original/index.php] Warning(E_USER_WARNING): メイン部のテンプレートが存在しません。[C:/xampp/htdocs/cube2/html/../data/Smarty/templates/default/.tpl] on [C:\xampp\htdocs\cube2\data\class\helper\SC_Helper_PageLayout.php(65)] from ::1
2016/01/29 17:32:28 [/cube2/html/frontparts/login_check.php] Warning(E_USER_WARNING): Smarty error: unable to read resource: &quot;&quot; on [C:\xampp\htdocs\cube2\data\module\Smarty\libs\Smarty.class.php(1094)] from ::1
2016/01/29 17:32:40 [/cube2/html/frontparts/login_check.php] Warning(E_WARNING): file_get_contents(http://localhost:3000/phpvar):  on [C:\xampp\htdocs\cube2\myfunc\debug.php(41)] from ::1
2016/01/29 17:32:40 [/cube2/html/frontparts/login_check.php] Warning(E_USER_WARNING): Smarty error: unable to read resource: &quot;&quot; on [C:\xampp\htdocs\cube2\data\module\Smarty\libs\Smarty.class.php(1094)] from ::1
2016/01/29 17:33:00 [/cube2/html/frontparts/login_check.php] Warning(E_USER_WARNING): Smarty error: unable to read resource: &quot;&quot; on [C:\xampp\htdocs\cube2\data\module\Smarty\libs\Smarty.class.php(1094)] from ::1
2016/01/29 17:34:31 [/cube2/html/original/index.php] Warning(E_USER_WARNING): ページ情報を取得できませんでした。 on [C:\xampp\htdocs\cube2\data\class\helper\SC_Helper_PageLayout.php(58)] from ::1
2016/01/29 17:34:31 [/cube2/html/original/index.php] Warning(E_USER_WARNING): メイン部のテンプレートが存在しません。[C:/xampp/htdocs/cube2/html/../data/Smarty/templates/default/.tpl] on [C:\xampp\htdocs\cube2\data\class\helper\SC_Helper_PageLayout.php(65)] from ::1
2016/01/29 17:35:13 [/cube2/html/original/index.php] Warning(E_USER_WARNING): ページ情報を取得できませんでした。 on [C:\xampp\htdocs\cube2\data\class\helper\SC_Helper_PageLayout.php(58)] from ::1
2016/01/29 17:35:13 [/cube2/html/original/index.php] Warning(E_USER_WARNING): メイン部のテンプレートが存在しません。[C:/xampp/htdocs/cube2/html/../data/Smarty/templates/default/.tpl] on [C:\xampp\htdocs\cube2\data\class\helper\SC_Helper_PageLayout.php(65)] from ::1
2016/01/29 17:35:20 [/cube2/html/original/index.php] Warning(E_USER_WARNING): ページ情報を取得できませんでした。 on [C:\xampp\htdocs\cube2\data\class\helper\SC_Helper_PageLayout.php(58)] from ::1
2016/01/29 17:35:20 [/cube2/html/original/index.php] Warning(E_USER_WARNING): メイン部のテンプレートが存在しません。[C:/xampp/htdocs/cube2/html/../data/Smarty/templates/default/.tpl] on [C:\xampp\htdocs\cube2\data\class\helper\SC_Helper_PageLayout.php(65)] from ::1
2016/01/29 17:37:08 [/cube2/html/original/index.php] Warning(E_USER_WARNING): ページ情報を取得できませんでした。 on [C:\xampp\htdocs\cube2\data\class\helper\SC_Helper_PageLayout.php(58)] from ::1
2016/01/29 17:37:08 [/cube2/html/original/index.php] Warning(E_USER_WARNING): メイン部のテンプレートが存在しません。[C:/xampp/htdocs/cube2/html/../data/Smarty/templates/default/.tpl] on [C:\xampp\htdocs\cube2\data\class\helper\SC_Helper_PageLayout.php(65)] from ::1
2016/01/29 17:37:26 [/cube2/html/original/index.php] Warning(E_USER_WARNING): ページ情報を取得できませんでした。 on [C:\xampp\htdocs\cube2\data\class\helper\SC_Helper_PageLayout.php(58)] from ::1
2016/01/29 17:37:26 [/cube2/html/original/index.php] Warning(E_USER_WARNING): メイン部のテンプレートが存在しません。[C:/xampp/htdocs/cube2/html/../data/Smarty/templates/default/.tpl] on [C:\xampp\htdocs\cube2\data\class\helper\SC_Helper_PageLayout.php(65)] from ::1
2016/01/29 17:38:42 [/cube2/html/original/index.php] Warning(E_USER_WARNING): ページ情報を取得できませんでした。 on [C:\xampp\htdocs\cube2\data\class\helper\SC_Helper_PageLayout.php(58)] from ::1
2016/01/29 17:38:42 [/cube2/html/original/index.php] Warning(E_USER_WARNING): メイン部のテンプレートが存在しません。[C:/xampp/htdocs/cube2/html/../data/Smarty/templates/default/.tpl] on [C:\xampp\htdocs\cube2\data\class\helper\SC_Helper_PageLayout.php(65)] from ::1
2016/01/29 17:38:52 [/cube2/html/original/index.php] Warning(E_USER_WARNING): ページ情報を取得できませんでした。 on [C:\xampp\htdocs\cube2\data\class\helper\SC_Helper_PageLayout.php(58)] from ::1
2016/01/29 17:38:52 [/cube2/html/original/index.php] Warning(E_USER_WARNING): メイン部のテンプレートが存在しません。[C:/xampp/htdocs/cube2/html/../data/Smarty/templates/default/.tpl] on [C:\xampp\htdocs\cube2\data\class\helper\SC_Helper_PageLayout.php(65)] from ::1
2016/01/29 17:38:52 [/cube2/html/original/index.php] Warning(E_USER_WARNING): ページ情報を取得できませんでした。 on [C:\xampp\htdocs\cube2\data\class\helper\SC_Helper_PageLayout.php(58)] from ::1
2016/01/29 17:38:52 [/cube2/html/original/index.php] Warning(E_USER_WARNING): メイン部のテンプレートが存在しません。[C:/xampp/htdocs/cube2/html/../data/Smarty/templates/default/.tpl] on [C:\xampp\htdocs\cube2\data\class\helper\SC_Helper_PageLayout.php(65)] from ::1
2016/01/29 17:41:52 [/cube2/html/original/index.php] Warning(E_USER_WARNING): ページ情報を取得できませんでした。 on [C:\xampp\htdocs\cube2\data\class\helper\SC_Helper_PageLayout.php(58)] from ::1
2016/01/29 17:41:52 [/cube2/html/original/index.php] Warning(E_USER_WARNING): メイン部のテンプレートが存在しません。[C:/xampp/htdocs/cube2/html/../data/Smarty/templates/default/.tpl] on [C:\xampp\htdocs\cube2\data\class\helper\SC_Helper_PageLayout.php(65)] from ::1
2016/01/29 17:41:53 [/cube2/html/original/index.php] Warning(E_USER_WARNING): ページ情報を取得できませんでした。 on [C:\xampp\htdocs\cube2\data\class\helper\SC_Helper_PageLayout.php(58)] from ::1
2016/01/29 17:41:53 [/cube2/html/original/index.php] Warning(E_USER_WARNING): メイン部のテンプレートが存在しません。[C:/xampp/htdocs/cube2/html/../data/Smarty/templates/default/.tpl] on [C:\xampp\htdocs\cube2\data\class\helper\SC_Helper_PageLayout.php(65)] from ::1
2016/01/29 17:42:01 [/cube2/html/original/index.php] Warning(E_USER_WARNING): ページ情報を取得できませんでした。 on [C:\xampp\htdocs\cube2\data\class\helper\SC_Helper_PageLayout.php(58)] from ::1
2016/01/29 17:42:01 [/cube2/html/original/index.php] Warning(E_USER_WARNING): メイン部のテンプレートが存在しません。[C:/xampp/htdocs/cube2/html/../data/Smarty/templates/default/.tpl] on [C:\xampp\htdocs\cube2\data\class\helper\SC_Helper_PageLayout.php(65)] from ::1
2016/01/29 17:42:26 [/cube2/html/original/index.php] Warning(E_USER_WARNING): ページ情報を取得できませんでした。 on [C:\xampp\htdocs\cube2\data\class\helper\SC_Helper_PageLayout.php(58)] from ::1
2016/01/29 17:42:26 [/cube2/html/original/index.php] Warning(E_USER_WARNING): メイン部のテンプレートが存在しません。[C:/xampp/htdocs/cube2/html/../data/Smarty/templates/default/.tpl] on [C:\xampp\htdocs\cube2\data\class\helper\SC_Helper_PageLayout.php(65)] from ::1
2016/01/29 17:42:34 [/cube2/html/original/index.php] Warning(E_USER_WARNING): ページ情報を取得できませんでした。 on [C:\xampp\htdocs\cube2\data\class\helper\SC_Helper_PageLayout.php(58)] from ::1
2016/01/29 17:42:34 [/cube2/html/original/index.php] Warning(E_USER_WARNING): メイン部のテンプレートが存在しません。[C:/xampp/htdocs/cube2/html/../data/Smarty/templates/default/.tpl] on [C:\xampp\htdocs\cube2\data\class\helper\SC_Helper_PageLayout.php(65)] from ::1
2016/01/29 17:43:16 [/cube2/html/index.php] Warning(E_WARNING): Missing argument 1 for SC_Response::sendRedirect(), called in C:\xampp\htdocs\cube2\data\class_extends\page_extends\LC_Page_Ex.php on line 37 and defined on [C:\xampp\htdocs\cube2\data\class\SC_Response.php(130)] from ::1
2016/01/29 17:43:17 [/cube2/html/index.php] Warning(E_WARNING): Missing argument 1 for SC_Response::sendRedirect(), called in C:\xampp\htdocs\cube2\data\class_extends\page_extends\LC_Page_Ex.php on line 37 and defined on [C:\xampp\htdocs\cube2\data\class\SC_Response.php(130)] from ::1
2016/01/29 17:43:17 [/cube2/html/index.php] Warning(E_WARNING): Missing argument 1 for SC_Response::sendRedirect(), called in C:\xampp\htdocs\cube2\data\class_extends\page_extends\LC_Page_Ex.php on line 37 and defined on [C:\xampp\htdocs\cube2\data\class\SC_Response.php(130)] from ::1
2016/01/29 17:43:17 [/cube2/html/index.php] Warning(E_WARNING): Missing argument 1 for SC_Response::sendRedirect(), called in C:\xampp\htdocs\cube2\data\class_extends\page_extends\LC_Page_Ex.php on line 37 and defined on [C:\xampp\htdocs\cube2\data\class\SC_Response.php(130)] from ::1
2016/01/29 17:43:17 [/cube2/html/index.php] Warning(E_WARNING): Missing argument 1 for SC_Response::sendRedirect(), called in C:\xampp\htdocs\cube2\data\class_extends\page_extends\LC_Page_Ex.php on line 37 and defined on [C:\xampp\htdocs\cube2\data\class\SC_Response.php(130)] from ::1
2016/01/29 17:43:17 [/cube2/html/index.php] Warning(E_WARNING): Missing argument 1 for SC_Response::sendRedirect(), called in C:\xampp\htdocs\cube2\data\class_extends\page_extends\LC_Page_Ex.php on line 37 and defined on [C:\xampp\htdocs\cube2\data\class\SC_Response.php(130)] from ::1
2016/01/29 17:43:17 [/cube2/html/index.php] Warning(E_WARNING): Missing argument 1 for SC_Response::sendRedirect(), called in C:\xampp\htdocs\cube2\data\class_extends\page_extends\LC_Page_Ex.php on line 37 and defined on [C:\xampp\htdocs\cube2\data\class\SC_Response.php(130)] from ::1
2016/01/29 17:43:17 [/cube2/html/index.php] Warning(E_WARNING): Missing argument 1 for SC_Response::sendRedirect(), called in C:\xampp\htdocs\cube2\data\class_extends\page_extends\LC_Page_Ex.php on line 37 and defined on [C:\xampp\htdocs\cube2\data\class\SC_Response.php(130)] from ::1
2016/01/29 17:43:17 [/cube2/html/index.php] Warning(E_WARNING): Missing argument 1 for SC_Response::sendRedirect(), called in C:\xampp\htdocs\cube2\data\class_extends\page_extends\LC_Page_Ex.php on line 37 and defined on [C:\xampp\htdocs\cube2\data\class\SC_Response.php(130)] from ::1
2016/01/29 17:43:17 [/cube2/html/index.php] Warning(E_WARNING): Missing argument 1 for SC_Response::sendRedirect(), called in C:\xampp\htdocs\cube2\data\class_extends\page_extends\LC_Page_Ex.php on line 37 and defined on [C:\xampp\htdocs\cube2\data\class\SC_Response.php(130)] from ::1
2016/01/29 17:43:18 [/cube2/html/index.php] Warning(E_WARNING): Missing argument 1 for SC_Response::sendRedirect(), called in C:\xampp\htdocs\cube2\data\class_extends\page_extends\LC_Page_Ex.php on line 37 and defined on [C:\xampp\htdocs\cube2\data\class\SC_Response.php(130)] from ::1
2016/01/29 17:43:18 [/cube2/html/index.php] Warning(E_WARNING): Missing argument 1 for SC_Response::sendRedirect(), called in C:\xampp\htdocs\cube2\data\class_extends\page_extends\LC_Page_Ex.php on line 37 and defined on [C:\xampp\htdocs\cube2\data\class\SC_Response.php(130)] from ::1
2016/01/29 17:43:18 [/cube2/html/index.php] Warning(E_WARNING): Missing argument 1 for SC_Response::sendRedirect(), called in C:\xampp\htdocs\cube2\data\class_extends\page_extends\LC_Page_Ex.php on line 37 and defined on [C:\xampp\htdocs\cube2\data\class\SC_Response.php(130)] from ::1
2016/01/29 17:43:18 [/cube2/html/index.php] Warning(E_WARNING): Missing argument 1 for SC_Response::sendRedirect(), called in C:\xampp\htdocs\cube2\data\class_extends\page_extends\LC_Page_Ex.php on line 37 and defined on [C:\xampp\htdocs\cube2\data\class\SC_Response.php(130)] from ::1
2016/01/29 17:43:18 [/cube2/html/index.php] Warning(E_WARNING): Missing argument 1 for SC_Response::sendRedirect(), called in C:\xampp\htdocs\cube2\data\class_extends\page_extends\LC_Page_Ex.php on line 37 and defined on [C:\xampp\htdocs\cube2\data\class\SC_Response.php(130)] from ::1
2016/01/29 17:43:18 [/cube2/html/index.php] Warning(E_WARNING): Missing argument 1 for SC_Response::sendRedirect(), called in C:\xampp\htdocs\cube2\data\class_extends\page_extends\LC_Page_Ex.php on line 37 and defined on [C:\xampp\htdocs\cube2\data\class\SC_Response.php(130)] from ::1
2016/01/29 17:43:18 [/cube2/html/index.php] Warning(E_WARNING): Missing argument 1 for SC_Response::sendRedirect(), called in C:\xampp\htdocs\cube2\data\class_extends\page_extends\LC_Page_Ex.php on line 37 and defined on [C:\xampp\htdocs\cube2\data\class\SC_Response.php(130)] from ::1
2016/01/29 17:43:18 [/cube2/html/index.php] Warning(E_WARNING): Missing argument 1 for SC_Response::sendRedirect(), called in C:\xampp\htdocs\cube2\data\class_extends\page_extends\LC_Page_Ex.php on line 37 and defined on [C:\xampp\htdocs\cube2\data\class\SC_Response.php(130)] from ::1
2016/01/29 17:43:18 [/cube2/html/index.php] Warning(E_WARNING): Missing argument 1 for SC_Response::sendRedirect(), called in C:\xampp\htdocs\cube2\data\class_extends\page_extends\LC_Page_Ex.php on line 37 and defined on [C:\xampp\htdocs\cube2\data\class\SC_Response.php(130)] from ::1
2016/01/29 17:43:19 [/cube2/html/index.php] Warning(E_WARNING): Missing argument 1 for SC_Response::sendRedirect(), called in C:\xampp\htdocs\cube2\data\class_extends\page_extends\LC_Page_Ex.php on line 37 and defined on [C:\xampp\htdocs\cube2\data\class\SC_Response.php(130)] from ::1
2016/01/29 17:43:19 [/cube2/html/index.php] Warning(E_WARNING): Missing argument 1 for SC_Response::sendRedirect(), called in C:\xampp\htdocs\cube2\data\class_extends\page_extends\LC_Page_Ex.php on line 37 and defined on [C:\xampp\htdocs\cube2\data\class\SC_Response.php(130)] from ::1
2016/01/29 17:43:19 [/cube2/html/index.php] Warning(E_WARNING): Missing argument 1 for SC_Response::sendRedirect(), called in C:\xampp\htdocs\cube2\data\class_extends\page_extends\LC_Page_Ex.php on line 37 and defined on [C:\xampp\htdocs\cube2\data\class\SC_Response.php(130)] from ::1
2016/01/29 17:43:19 [/cube2/html/index.php] Warning(E_WARNING): Missing argument 1 for SC_Response::sendRedirect(), called in C:\xampp\htdocs\cube2\data\class_extends\page_extends\LC_Page_Ex.php on line 37 and defined on [C:\xampp\htdocs\cube2\data\class\SC_Response.php(130)] from ::1
2016/01/29 17:43:19 [/cube2/html/index.php] Warning(E_WARNING): Missing argument 1 for SC_Response::sendRedirect(), called in C:\xampp\htdocs\cube2\data\class_extends\page_extends\LC_Page_Ex.php on line 37 and defined on [C:\xampp\htdocs\cube2\data\class\SC_Response.php(130)] from ::1
2016/01/29 17:43:19 [/cube2/html/index.php] Warning(E_WARNING): Missing argument 1 for SC_Response::sendRedirect(), called in C:\xampp\htdocs\cube2\data\class_extends\page_extends\LC_Page_Ex.php on line 37 and defined on [C:\xampp\htdocs\cube2\data\class\SC_Response.php(130)] from ::1
2016/01/29 17:43:19 [/cube2/html/index.php] Warning(E_WARNING): Missing argument 1 for SC_Response::sendRedirect(), called in C:\xampp\htdocs\cube2\data\class_extends\page_extends\LC_Page_Ex.php on line 37 and defined on [C:\xampp\htdocs\cube2\data\class\SC_Response.php(130)] from ::1
2016/01/29 17:43:20 [/cube2/html/index.php] Warning(E_WARNING): Missing argument 1 for SC_Response::sendRedirect(), called in C:\xampp\htdocs\cube2\data\class_extends\page_extends\LC_Page_Ex.php on line 37 and defined on [C:\xampp\htdocs\cube2\data\class\SC_Response.php(130)] from ::1
2016/01/29 17:43:20 [/cube2/html/index.php] Warning(E_WARNING): Missing argument 1 for SC_Response::sendRedirect(), called in C:\xampp\htdocs\cube2\data\class_extends\page_extends\LC_Page_Ex.php on line 37 and defined on [C:\xampp\htdocs\cube2\data\class\SC_Response.php(130)] from ::1
2016/01/29 17:43:20 [/cube2/html/index.php] Warning(E_WARNING): Missing argument 1 for SC_Response::sendRedirect(), called in C:\xampp\htdocs\cube2\data\class_extends\page_extends\LC_Page_Ex.php on line 37 and defined on [C:\xampp\htdocs\cube2\data\class\SC_Response.php(130)] from ::1
2016/01/29 17:43:20 [/cube2/html/index.php] Warning(E_WARNING): Missing argument 1 for SC_Response::sendRedirect(), called in C:\xampp\htdocs\cube2\data\class_extends\page_extends\LC_Page_Ex.php on line 37 and defined on [C:\xampp\htdocs\cube2\data\class\SC_Response.php(130)] from ::1
2016/01/29 17:43:20 [/cube2/html/index.php] Warning(E_WARNING): Missing argument 1 for SC_Response::sendRedirect(), called in C:\xampp\htdocs\cube2\data\class_extends\page_extends\LC_Page_Ex.php on line 37 and defined on [C:\xampp\htdocs\cube2\data\class\SC_Response.php(130)] from ::1
2016/01/29 17:43:20 [/cube2/html/index.php] Warning(E_WARNING): Missing argument 1 for SC_Response::sendRedirect(), called in C:\xampp\htdocs\cube2\data\class_extends\page_extends\LC_Page_Ex.php on line 37 and defined on [C:\xampp\htdocs\cube2\data\class\SC_Response.php(130)] from ::1
2016/01/29 17:43:20 [/cube2/html/index.php] Warning(E_WARNING): Missing argument 1 for SC_Response::sendRedirect(), called in C:\xampp\htdocs\cube2\data\class_extends\page_extends\LC_Page_Ex.php on line 37 and defined on [C:\xampp\htdocs\cube2\data\class\SC_Response.php(130)] from ::1
2016/01/29 17:43:21 [/cube2/html/index.php] Warning(E_WARNING): Missing argument 1 for SC_Response::sendRedirect(), called in C:\xampp\htdocs\cube2\data\class_extends\page_extends\LC_Page_Ex.php on line 37 and defined on [C:\xampp\htdocs\cube2\data\class\SC_Response.php(130)] from ::1
2016/01/29 17:43:21 [/cube2/html/index.php] Warning(E_WARNING): Missing argument 1 for SC_Response::sendRedirect(), called in C:\xampp\htdocs\cube2\data\class_extends\page_extends\LC_Page_Ex.php on line 37 and defined on [C:\xampp\htdocs\cube2\data\class\SC_Response.php(130)] from ::1
2016/01/29 17:43:21 [/cube2/html/index.php] Warning(E_WARNING): Missing argument 1 for SC_Response::sendRedirect(), called in C:\xampp\htdocs\cube2\data\class_extends\page_extends\LC_Page_Ex.php on line 37 and defined on [C:\xampp\htdocs\cube2\data\class\SC_Response.php(130)] from ::1
2016/01/29 17:43:21 [/cube2/html/index.php] Warning(E_WARNING): Missing argument 1 for SC_Response::sendRedirect(), called in C:\xampp\htdocs\cube2\data\class_extends\page_extends\LC_Page_Ex.php on line 37 and defined on [C:\xampp\htdocs\cube2\data\class\SC_Response.php(130)] from ::1
2016/01/29 17:43:21 [/cube2/html/index.php] Warning(E_WARNING): Missing argument 1 for SC_Response::sendRedirect(), called in C:\xampp\htdocs\cube2\data\class_extends\page_extends\LC_Page_Ex.php on line 37 and defined on [C:\xampp\htdocs\cube2\data\class\SC_Response.php(130)] from ::1
2016/01/29 17:43:21 [/cube2/html/index.php] Warning(E_WARNING): Missing argument 1 for SC_Response::sendRedirect(), called in C:\xampp\htdocs\cube2\data\class_extends\page_extends\LC_Page_Ex.php on line 37 and defined on [C:\xampp\htdocs\cube2\data\class\SC_Response.php(130)] from ::1
2016/01/29 17:43:21 [/cube2/html/index.php] Warning(E_WARNING): Missing argument 1 for SC_Response::sendRedirect(), called in C:\xampp\htdocs\cube2\data\class_extends\page_extends\LC_Page_Ex.php on line 37 and defined on [C:\xampp\htdocs\cube2\data\class\SC_Response.php(130)] from ::1
2016/01/29 17:43:21 [/cube2/html/index.php] Warning(E_WARNING): Missing argument 1 for SC_Response::sendRedirect(), called in C:\xampp\htdocs\cube2\data\class_extends\page_extends\LC_Page_Ex.php on line 37 and defined on [C:\xampp\htdocs\cube2\data\class\SC_Response.php(130)] from ::1
2016/01/29 17:43:21 [/cube2/html/index.php] Warning(E_WARNING): Missing argument 1 for SC_Response::sendRedirect(), called in C:\xampp\htdocs\cube2\data\class_extends\page_extends\LC_Page_Ex.php on line 37 and defined on [C:\xampp\htdocs\cube2\data\class\SC_Response.php(130)] from ::1
2016/01/29 17:43:27 [/cube2/html/index.php] Warning(E_WARNING): Missing argument 1 for SC_Response::sendRedirect(), called in C:\xampp\htdocs\cube2\data\class_extends\page_extends\LC_Page_Ex.php on line 37 and defined on [C:\xampp\htdocs\cube2\data\class\SC_Response.php(130)] from ::1
2016/01/29 17:43:27 [/cube2/html/index.php] Warning(E_WARNING): Missing argument 1 for SC_Response::sendRedirect(), called in C:\xampp\htdocs\cube2\data\class_extends\page_extends\LC_Page_Ex.php on line 37 and defined on [C:\xampp\htdocs\cube2\data\class\SC_Response.php(130)] from ::1
2016/01/29 17:43:27 [/cube2/html/index.php] Warning(E_WARNING): Missing argument 1 for SC_Response::sendRedirect(), called in C:\xampp\htdocs\cube2\data\class_extends\page_extends\LC_Page_Ex.php on line 37 and defined on [C:\xampp\htdocs\cube2\data\class\SC_Response.php(130)] from ::1
2016/01/29 17:43:27 [/cube2/html/index.php] Warning(E_WARNING): Missing argument 1 for SC_Response::sendRedirect(), called in C:\xampp\htdocs\cube2\data\class_extends\page_extends\LC_Page_Ex.php on line 37 and defined on [C:\xampp\htdocs\cube2\data\class\SC_Response.php(130)] from ::1
2016/01/29 17:43:27 [/cube2/html/index.php] Warning(E_WARNING): Missing argument 1 for SC_Response::sendRedirect(), called in C:\xampp\htdocs\cube2\data\class_extends\page_extends\LC_Page_Ex.php on line 37 and defined on [C:\xampp\htdocs\cube2\data\class\SC_Response.php(130)] from ::1
2016/01/29 17:43:27 [/cube2/html/index.php] Warning(E_WARNING): Missing argument 1 for SC_Response::sendRedirect(), called in C:\xampp\htdocs\cube2\data\class_extends\page_extends\LC_Page_Ex.php on line 37 and defined on [C:\xampp\htdocs\cube2\data\class\SC_Response.php(130)] from ::1
2016/01/29 17:43:27 [/cube2/html/index.php] Warning(E_WARNING): Missing argument 1 for SC_Response::sendRedirect(), called in C:\xampp\htdocs\cube2\data\class_extends\page_extends\LC_Page_Ex.php on line 37 and defined on [C:\xampp\htdocs\cube2\data\class\SC_Response.php(130)] from ::1
2016/01/29 17:43:27 [/cube2/html/index.php] Warning(E_WARNING): Missing argument 1 for SC_Response::sendRedirect(), called in C:\xampp\htdocs\cube2\data\class_extends\page_extends\LC_Page_Ex.php on line 37 and defined on [C:\xampp\htdocs\cube2\data\class\SC_Response.php(130)] from ::1
2016/01/29 17:43:28 [/cube2/html/index.php] Warning(E_WARNING): Missing argument 1 for SC_Response::sendRedirect(), called in C:\xampp\htdocs\cube2\data\class_extends\page_extends\LC_Page_Ex.php on line 37 and defined on [C:\xampp\htdocs\cube2\data\class\SC_Response.php(130)] from ::1
2016/01/29 17:43:28 [/cube2/html/index.php] Warning(E_WARNING): Missing argument 1 for SC_Response::sendRedirect(), called in C:\xampp\htdocs\cube2\data\class_extends\page_extends\LC_Page_Ex.php on line 37 and defined on [C:\xampp\htdocs\cube2\data\class\SC_Response.php(130)] from ::1
2016/01/29 17:43:28 [/cube2/html/index.php] Warning(E_WARNING): Missing argument 1 for SC_Response::sendRedirect(), called in C:\xampp\htdocs\cube2\data\class_extends\page_extends\LC_Page_Ex.php on line 37 and defined on [C:\xampp\htdocs\cube2\data\class\SC_Response.php(130)] from ::1
2016/01/29 17:43:28 [/cube2/html/index.php] Warning(E_WARNING): Missing argument 1 for SC_Response::sendRedirect(), called in C:\xampp\htdocs\cube2\data\class_extends\page_extends\LC_Page_Ex.php on line 37 and defined on [C:\xampp\htdocs\cube2\data\class\SC_Response.php(130)] from ::1
2016/01/29 17:43:28 [/cube2/html/index.php] Warning(E_WARNING): Missing argument 1 for SC_Response::sendRedirect(), called in C:\xampp\htdocs\cube2\data\class_extends\page_extends\LC_Page_Ex.php on line 37 and defined on [C:\xampp\htdocs\cube2\data\class\SC_Response.php(130)] from ::1
2016/01/29 17:43:28 [/cube2/html/index.php] Warning(E_WARNING): Missing argument 1 for SC_Response::sendRedirect(), called in C:\xampp\htdocs\cube2\data\class_extends\page_extends\LC_Page_Ex.php on line 37 and defined on [C:\xampp\htdocs\cube2\data\class\SC_Response.php(130)] from ::1
2016/01/29 17:43:28 [/cube2/html/index.php] Warning(E_WARNING): Missing argument 1 for SC_Response::sendRedirect(), called in C:\xampp\htdocs\cube2\data\class_extends\page_extends\LC_Page_Ex.php on line 37 and defined on [C:\xampp\htdocs\cube2\data\class\SC_Response.php(130)] from ::1
2016/01/29 17:43:28 [/cube2/html/index.php] Warning(E_WARNING): Missing argument 1 for SC_Response::sendRedirect(), called in C:\xampp\htdocs\cube2\data\class_extends\page_extends\LC_Page_Ex.php on line 37 and defined on [C:\xampp\htdocs\cube2\data\class\SC_Response.php(130)] from ::1
2016/01/29 17:43:28 [/cube2/html/index.php] Warning(E_WARNING): Missing argument 1 for SC_Response::sendRedirect(), called in C:\xampp\htdocs\cube2\data\class_extends\page_extends\LC_Page_Ex.php on line 37 and defined on [C:\xampp\htdocs\cube2\data\class\SC_Response.php(130)] from ::1
2016/01/29 17:43:29 [/cube2/html/index.php] Warning(E_WARNING): Missing argument 1 for SC_Response::sendRedirect(), called in C:\xampp\htdocs\cube2\data\class_extends\page_extends\LC_Page_Ex.php on line 37 and defined on [C:\xampp\htdocs\cube2\data\class\SC_Response.php(130)] from ::1
2016/01/29 17:43:29 [/cube2/html/index.php] Warning(E_WARNING): Missing argument 1 for SC_Response::sendRedirect(), called in C:\xampp\htdocs\cube2\data\class_extends\page_extends\LC_Page_Ex.php on line 37 and defined on [C:\xampp\htdocs\cube2\data\class\SC_Response.php(130)] from ::1
2016/01/29 17:43:29 [/cube2/html/index.php] Warning(E_WARNING): Missing argument 1 for SC_Response::sendRedirect(), called in C:\xampp\htdocs\cube2\data\class_extends\page_extends\LC_Page_Ex.php on line 37 and defined on [C:\xampp\htdocs\cube2\data\class\SC_Response.php(130)] from ::1
2016/01/29 17:43:29 [/cube2/html/index.php] Warning(E_WARNING): Missing argument 1 for SC_Response::sendRedirect(), called in C:\xampp\htdocs\cube2\data\class_extends\page_extends\LC_Page_Ex.php on line 37 and defined on [C:\xampp\htdocs\cube2\data\class\SC_Response.php(130)] from ::1
2016/01/29 17:43:59 [/cube2/html/index.php] Warning(E_WARNING): Missing argument 1 for SC_Response::sendRedirect(), called in C:\xampp\htdocs\cube2\data\class_extends\page_extends\LC_Page_Ex.php on line 37 and defined on [C:\xampp\htdocs\cube2\data\class\SC_Response.php(130)] from ::1
2016/01/29 17:43:59 [/cube2/html/index.php] Warning(E_WARNING): Missing argument 1 for SC_Response::sendRedirect(), called in C:\xampp\htdocs\cube2\data\class_extends\page_extends\LC_Page_Ex.php on line 37 and defined on [C:\xampp\htdocs\cube2\data\class\SC_Response.php(130)] from ::1
2016/01/29 17:43:59 [/cube2/html/index.php] Warning(E_WARNING): Missing argument 1 for SC_Response::sendRedirect(), called in C:\xampp\htdocs\cube2\data\class_extends\page_extends\LC_Page_Ex.php on line 37 and defined on [C:\xampp\htdocs\cube2\data\class\SC_Response.php(130)] from ::1
2016/01/29 17:43:59 [/cube2/html/index.php] Warning(E_WARNING): Missing argument 1 for SC_Response::sendRedirect(), called in C:\xampp\htdocs\cube2\data\class_extends\page_extends\LC_Page_Ex.php on line 37 and defined on [C:\xampp\htdocs\cube2\data\class\SC_Response.php(130)] from ::1
2016/01/29 17:44:00 [/cube2/html/index.php] Warning(E_WARNING): Missing argument 1 for SC_Response::sendRedirect(), called in C:\xampp\htdocs\cube2\data\class_extends\page_extends\LC_Page_Ex.php on line 37 and defined on [C:\xampp\htdocs\cube2\data\class\SC_Response.php(130)] from ::1
2016/01/29 17:44:00 [/cube2/html/index.php] Warning(E_WARNING): Missing argument 1 for SC_Response::sendRedirect(), called in C:\xampp\htdocs\cube2\data\class_extends\page_extends\LC_Page_Ex.php on line 37 and defined on [C:\xampp\htdocs\cube2\data\class\SC_Response.php(130)] from ::1
2016/01/29 17:44:00 [/cube2/html/index.php] Warning(E_WARNING): Missing argument 1 for SC_Response::sendRedirect(), called in C:\xampp\htdocs\cube2\data\class_extends\page_extends\LC_Page_Ex.php on line 37 and defined on [C:\xampp\htdocs\cube2\data\class\SC_Response.php(130)] from ::1
2016/01/29 17:44:00 [/cube2/html/index.php] Warning(E_WARNING): Missing argument 1 for SC_Response::sendRedirect(), called in C:\xampp\htdocs\cube2\data\class_extends\page_extends\LC_Page_Ex.php on line 37 and defined on [C:\xampp\htdocs\cube2\data\class\SC_Response.php(130)] from ::1
2016/01/29 17:44:00 [/cube2/html/index.php] Warning(E_WARNING): Missing argument 1 for SC_Response::sendRedirect(), called in C:\xampp\htdocs\cube2\data\class_extends\page_extends\LC_Page_Ex.php on line 37 and defined on [C:\xampp\htdocs\cube2\data\class\SC_Response.php(130)] from ::1
2016/01/29 17:44:00 [/cube2/html/index.php] Warning(E_WARNING): Missing argument 1 for SC_Response::sendRedirect(), called in C:\xampp\htdocs\cube2\data\class_extends\page_extends\LC_Page_Ex.php on line 37 and defined on [C:\xampp\htdocs\cube2\data\class\SC_Response.php(130)] from ::1
2016/01/29 17:44:00 [/cube2/html/index.php] Warning(E_WARNING): Missing argument 1 for SC_Response::sendRedirect(), called in C:\xampp\htdocs\cube2\data\class_extends\page_extends\LC_Page_Ex.php on line 37 and defined on [C:\xampp\htdocs\cube2\data\class\SC_Response.php(130)] from ::1
2016/01/29 17:44:00 [/cube2/html/index.php] Warning(E_WARNING): Missing argument 1 for SC_Response::sendRedirect(), called in C:\xampp\htdocs\cube2\data\class_extends\page_extends\LC_Page_Ex.php on line 37 and defined on [C:\xampp\htdocs\cube2\data\class\SC_Response.php(130)] from ::1
2016/01/29 17:44:00 [/cube2/html/index.php] Warning(E_WARNING): Missing argument 1 for SC_Response::sendRedirect(), called in C:\xampp\htdocs\cube2\data\class_extends\page_extends\LC_Page_Ex.php on line 37 and defined on [C:\xampp\htdocs\cube2\data\class\SC_Response.php(130)] from ::1
2016/01/29 17:44:01 [/cube2/html/index.php] Warning(E_WARNING): Missing argument 1 for SC_Response::sendRedirect(), called in C:\xampp\htdocs\cube2\data\class_extends\page_extends\LC_Page_Ex.php on line 37 and defined on [C:\xampp\htdocs\cube2\data\class\SC_Response.php(130)] from ::1
2016/01/29 17:44:01 [/cube2/html/index.php] Warning(E_WARNING): Missing argument 1 for SC_Response::sendRedirect(), called in C:\xampp\htdocs\cube2\data\class_extends\page_extends\LC_Page_Ex.php on line 37 and defined on [C:\xampp\htdocs\cube2\data\class\SC_Response.php(130)] from ::1
2016/01/29 17:44:01 [/cube2/html/index.php] Warning(E_WARNING): Missing argument 1 for SC_Response::sendRedirect(), called in C:\xampp\htdocs\cube2\data\class_extends\page_extends\LC_Page_Ex.php on line 37 and defined on [C:\xampp\htdocs\cube2\data\class\SC_Response.php(130)] from ::1
2016/01/29 17:44:01 [/cube2/html/index.php] Warning(E_WARNING): Missing argument 1 for SC_Response::sendRedirect(), called in C:\xampp\htdocs\cube2\data\class_extends\page_extends\LC_Page_Ex.php on line 37 and defined on [C:\xampp\htdocs\cube2\data\class\SC_Response.php(130)] from ::1
2016/01/29 17:44:01 [/cube2/html/index.php] Warning(E_WARNING): Missing argument 1 for SC_Response::sendRedirect(), called in C:\xampp\htdocs\cube2\data\class_extends\page_extends\LC_Page_Ex.php on line 37 and defined on [C:\xampp\htdocs\cube2\data\class\SC_Response.php(130)] from ::1
2016/01/29 17:44:01 [/cube2/html/index.php] Warning(E_WARNING): Missing argument 1 for SC_Response::sendRedirect(), called in C:\xampp\htdocs\cube2\data\class_extends\page_extends\LC_Page_Ex.php on line 37 and defined on [C:\xampp\htdocs\cube2\data\class\SC_Response.php(130)] from ::1
2016/01/29 17:44:02 [/cube2/html/index.php] Warning(E_WARNING): Missing argument 1 for SC_Response::sendRedirect(), called in C:\xampp\htdocs\cube2\data\class_extends\page_extends\LC_Page_Ex.php on line 37 and defined on [C:\xampp\htdocs\cube2\data\class\SC_Response.php(130)] from ::1
2016/01/29 17:44:02 [/cube2/html/index.php] Warning(E_WARNING): Missing argument 1 for SC_Response::sendRedirect(), called in C:\xampp\htdocs\cube2\data\class_extends\page_extends\LC_Page_Ex.php on line 37 and defined on [C:\xampp\htdocs\cube2\data\class\SC_Response.php(130)] from ::1
2016/01/29 17:45:02 [/cube2/html/index.php] Warning(E_WARNING): Missing argument 1 for SC_Response::sendRedirect(), called in C:\xampp\htdocs\cube2\data\class_extends\page_extends\LC_Page_Ex.php on line 37 and defined on [C:\xampp\htdocs\cube2\data\class\SC_Response.php(130)] from ::1
2016/01/29 17:45:02 [/cube2/html/index.php] Warning(E_WARNING): Missing argument 1 for SC_Response::sendRedirect(), called in C:\xampp\htdocs\cube2\data\class_extends\page_extends\LC_Page_Ex.php on line 37 and defined on [C:\xampp\htdocs\cube2\data\class\SC_Response.php(130)] from ::1
2016/01/29 17:45:02 [/cube2/html/index.php] Warning(E_WARNING): Missing argument 1 for SC_Response::sendRedirect(), called in C:\xampp\htdocs\cube2\data\class_extends\page_extends\LC_Page_Ex.php on line 37 and defined on [C:\xampp\htdocs\cube2\data\class\SC_Response.php(130)] from ::1
2016/01/29 17:45:02 [/cube2/html/index.php] Warning(E_WARNING): Missing argument 1 for SC_Response::sendRedirect(), called in C:\xampp\htdocs\cube2\data\class_extends\page_extends\LC_Page_Ex.php on line 37 and defined on [C:\xampp\htdocs\cube2\data\class\SC_Response.php(130)] from ::1
2016/01/29 17:45:02 [/cube2/html/index.php] Warning(E_WARNING): Missing argument 1 for SC_Response::sendRedirect(), called in C:\xampp\htdocs\cube2\data\class_extends\page_extends\LC_Page_Ex.php on line 37 and defined on [C:\xampp\htdocs\cube2\data\class\SC_Response.php(130)] from ::1
2016/01/29 17:45:02 [/cube2/html/index.php] Warning(E_WARNING): Missing argument 1 for SC_Response::sendRedirect(), called in C:\xampp\htdocs\cube2\data\class_extends\page_extends\LC_Page_Ex.php on line 37 and defined on [C:\xampp\htdocs\cube2\data\class\SC_Response.php(130)] from ::1
2016/01/29 17:45:03 [/cube2/html/index.php] Warning(E_WARNING): Missing argument 1 for SC_Response::sendRedirect(), called in C:\xampp\htdocs\cube2\data\class_extends\page_extends\LC_Page_Ex.php on line 37 and defined on [C:\xampp\htdocs\cube2\data\class\SC_Response.php(130)] from ::1
2016/01/29 17:45:03 [/cube2/html/index.php] Warning(E_WARNING): Missing argument 1 for SC_Response::sendRedirect(), called in C:\xampp\htdocs\cube2\data\class_extends\page_extends\LC_Page_Ex.php on line 37 and defined on [C:\xampp\htdocs\cube2\data\class\SC_Response.php(130)] from ::1
2016/01/29 17:45:03 [/cube2/html/index.php] Warning(E_WARNING): Missing argument 1 for SC_Response::sendRedirect(), called in C:\xampp\htdocs\cube2\data\class_extends\page_extends\LC_Page_Ex.php on line 37 and defined on [C:\xampp\htdocs\cube2\data\class\SC_Response.php(130)] from ::1
2016/01/29 17:45:03 [/cube2/html/index.php] Warning(E_WARNING): Missing argument 1 for SC_Response::sendRedirect(), called in C:\xampp\htdocs\cube2\data\class_extends\page_extends\LC_Page_Ex.php on line 37 and defined on [C:\xampp\htdocs\cube2\data\class\SC_Response.php(130)] from ::1
2016/01/29 17:45:03 [/cube2/html/index.php] Warning(E_WARNING): Missing argument 1 for SC_Response::sendRedirect(), called in C:\xampp\htdocs\cube2\data\class_extends\page_extends\LC_Page_Ex.php on line 37 and defined on [C:\xampp\htdocs\cube2\data\class\SC_Response.php(130)] from ::1
2016/01/29 17:45:03 [/cube2/html/index.php] Warning(E_WARNING): Missing argument 1 for SC_Response::sendRedirect(), called in C:\xampp\htdocs\cube2\data\class_extends\page_extends\LC_Page_Ex.php on line 37 and defined on [C:\xampp\htdocs\cube2\data\class\SC_Response.php(130)] from ::1
2016/01/29 17:45:03 [/cube2/html/index.php] Warning(E_WARNING): Missing argument 1 for SC_Response::sendRedirect(), called in C:\xampp\htdocs\cube2\data\class_extends\page_extends\LC_Page_Ex.php on line 37 and defined on [C:\xampp\htdocs\cube2\data\class\SC_Response.php(130)] from ::1
2016/01/29 17:45:03 [/cube2/html/index.php] Warning(E_WARNING): Missing argument 1 for SC_Response::sendRedirect(), called in C:\xampp\htdocs\cube2\data\class_extends\page_extends\LC_Page_Ex.php on line 37 and defined on [C:\xampp\htdocs\cube2\data\class\SC_Response.php(130)] from ::1
2016/01/29 17:45:03 [/cube2/html/index.php] Warning(E_WARNING): Missing argument 1 for SC_Response::sendRedirect(), called in C:\xampp\htdocs\cube2\data\class_extends\page_extends\LC_Page_Ex.php on line 37 and defined on [C:\xampp\htdocs\cube2\data\class\SC_Response.php(130)] from ::1
2016/01/29 17:45:04 [/cube2/html/index.php] Warning(E_WARNING): Missing argument 1 for SC_Response::sendRedirect(), called in C:\xampp\htdocs\cube2\data\class_extends\page_extends\LC_Page_Ex.php on line 37 and defined on [C:\xampp\htdocs\cube2\data\class\SC_Response.php(130)] from ::1
2016/01/29 17:45:04 [/cube2/html/index.php] Warning(E_WARNING): Missing argument 1 for SC_Response::sendRedirect(), called in C:\xampp\htdocs\cube2\data\class_extends\page_extends\LC_Page_Ex.php on line 37 and defined on [C:\xampp\htdocs\cube2\data\class\SC_Response.php(130)] from ::1
2016/01/29 17:45:04 [/cube2/html/index.php] Warning(E_WARNING): Missing argument 1 for SC_Response::sendRedirect(), called in C:\xampp\htdocs\cube2\data\class_extends\page_extends\LC_Page_Ex.php on line 37 and defined on [C:\xampp\htdocs\cube2\data\class\SC_Response.php(130)] from ::1
2016/01/29 17:45:04 [/cube2/html/index.php] Warning(E_WARNING): Missing argument 1 for SC_Response::sendRedirect(), called in C:\xampp\htdocs\cube2\data\class_extends\page_extends\LC_Page_Ex.php on line 37 and defined on [C:\xampp\htdocs\cube2\data\class\SC_Response.php(130)] from ::1
2016/01/29 17:45:04 [/cube2/html/index.php] Warning(E_WARNING): Missing argument 1 for SC_Response::sendRedirect(), called in C:\xampp\htdocs\cube2\data\class_extends\page_extends\LC_Page_Ex.php on line 37 and defined on [C:\xampp\htdocs\cube2\data\class\SC_Response.php(130)] from ::1
2016/01/29 17:45:04 [/cube2/html/index.php] Warning(E_WARNING): Missing argument 1 for SC_Response::sendRedirect(), called in C:\xampp\htdocs\cube2\data\class_extends\page_extends\LC_Page_Ex.php on line 37 and defined on [C:\xampp\htdocs\cube2\data\class\SC_Response.php(130)] from ::1
2016/01/29 17:49:38 [/cube2/html/index.php] Warning(E_WARNING): Missing argument 1 for SC_Response::sendRedirect(), called in C:\xampp\htdocs\cube2\data\class_extends\page_extends\LC_Page_Ex.php on line 37 and defined on [C:\xampp\htdocs\cube2\data\class\SC_Response.php(130)] from ::1
2016/01/29 17:49:56 [/cube2/html/index.php] Warning(E_WARNING): Missing argument 1 for SC_Response::sendRedirect(), called in C:\xampp\htdocs\cube2\data\class_extends\page_extends\LC_Page_Ex.php on line 37 and defined on [C:\xampp\htdocs\cube2\data\class\SC_Response.php(130)] from ::1
2016/01/29 17:50:29 [/cube2/html/index.php] Warning(E_WARNING): Missing argument 1 for SC_Response::sendRedirect(), called in C:\xampp\htdocs\cube2\data\class_extends\page_extends\LC_Page_Ex.php on line 37 and defined on [C:\xampp\htdocs\cube2\data\class\SC_Response.php(130)] from ::1
2016/01/29 17:52:03 [/cube2/html/index.php] Warning(E_WARNING): Missing argument 1 for SC_Response::sendRedirect(), called in C:\xampp\htdocs\cube2\data\class_extends\page_extends\LC_Page_Ex.php on line 37 and defined on [C:\xampp\htdocs\cube2\data\class\SC_Response.php(130)] from ::1
2016/01/29 17:54:34 [/cube2/html/original/index.php] Warning(E_USER_WARNING): ページ情報を取得できませんでした。 on [C:\xampp\htdocs\cube2\data\class\helper\SC_Helper_PageLayout.php(58)] from ::1
2016/01/29 17:54:34 [/cube2/html/original/index.php] Warning(E_USER_WARNING): メイン部のテンプレートが存在しません。[C:/xampp/htdocs/cube2/html/../data/Smarty/templates/default/.tpl] on [C:\xampp\htdocs\cube2\data\class\helper\SC_Helper_PageLayout.php(65)] from ::1
2016/01/29 17:55:22 [/cube2/html/original/index.php] Warning(E_USER_WARNING): ページ情報を取得できませんでした。 on [C:\xampp\htdocs\cube2\data\class\helper\SC_Helper_PageLayout.php(58)] from ::1
2016/01/29 17:55:22 [/cube2/html/original/index.php] Warning(E_USER_WARNING): メイン部のテンプレートが存在しません。[C:/xampp/htdocs/cube2/html/../data/Smarty/templates/default/.tpl] on [C:\xampp\htdocs\cube2\data\class\helper\SC_Helper_PageLayout.php(65)] from ::1
2016/01/29 17:55:22 [/cube2/html/original/index.php] Fatal error(E_ERROR): Call to undefined function ezd() on [C:\xampp\htdocs\cube2\data\class_extends\page_extends\LC_Page_Ex.php(38)] from ::1
customer_id = 
2016/01/29 17:55:22 [/cube2/html/original/index.php] Warning(E_USER_WARNING): ページ情報を取得できませんでした。 on [C:\xampp\htdocs\cube2\data\class\helper\SC_Helper_PageLayout.php(58)] from ::1
2016/01/29 17:55:22 [/cube2/html/original/index.php] Warning(E_USER_WARNING): メイン部のテンプレートが存在しません。[C:/xampp/htdocs/cube2/html/../data/Smarty/templates/default/.tpl] on [C:\xampp\htdocs\cube2\data\class\helper\SC_Helper_PageLayout.php(65)] from ::1
2016/01/29 17:55:22 [/cube2/html/original/index.php] Fatal error(E_ERROR): Call to undefined function ezd() on [C:\xampp\htdocs\cube2\data\class_extends\page_extends\LC_Page_Ex.php(38)] from ::1
customer_id = 
2016/01/29 17:55:33 [/cube2/html/original/index.php] Warning(E_USER_WARNING): ページ情報を取得できませんでした。 on [C:\xampp\htdocs\cube2\data\class\helper\SC_Helper_PageLayout.php(58)] from ::1
2016/01/29 17:55:33 [/cube2/html/original/index.php] Warning(E_USER_WARNING): メイン部のテンプレートが存在しません。[C:/xampp/htdocs/cube2/html/../data/Smarty/templates/default/.tpl] on [C:\xampp\htdocs\cube2\data\class\helper\SC_Helper_PageLayout.php(65)] from ::1
2016/01/29 17:55:33 [/cube2/html/original/index.php] Fatal error(E_ERROR): Call to undefined function ezd() on [C:\xampp\htdocs\cube2\data\class_extends\page_extends\LC_Page_Ex.php(38)] from ::1
customer_id = 
2016/01/29 17:56:03 [/cube2/html/original/index.php] Warning(E_USER_WARNING): ページ情報を取得できませんでした。 on [C:\xampp\htdocs\cube2\data\class\helper\SC_Helper_PageLayout.php(58)] from ::1
2016/01/29 17:56:03 [/cube2/html/original/index.php] Warning(E_USER_WARNING): メイン部のテンプレートが存在しません。[C:/xampp/htdocs/cube2/html/../data/Smarty/templates/default/.tpl] on [C:\xampp\htdocs\cube2\data\class\helper\SC_Helper_PageLayout.php(65)] from ::1
2016/01/29 17:56:03 [/cube2/html/original/index.php] Fatal error(E_ERROR): Call to undefined function ezd() on [C:\xampp\htdocs\cube2\data\class_extends\page_extends\LC_Page_Ex.php(38)] from ::1
customer_id = 
2016/01/29 17:56:04 [/cube2/html/original/index.php] Warning(E_USER_WARNING): ページ情報を取得できませんでした。 on [C:\xampp\htdocs\cube2\data\class\helper\SC_Helper_PageLayout.php(58)] from ::1
2016/01/29 17:56:04 [/cube2/html/original/index.php] Warning(E_USER_WARNING): メイン部のテンプレートが存在しません。[C:/xampp/htdocs/cube2/html/../data/Smarty/templates/default/.tpl] on [C:\xampp\htdocs\cube2\data\class\helper\SC_Helper_PageLayout.php(65)] from ::1
2016/01/29 17:56:04 [/cube2/html/original/index.php] Fatal error(E_ERROR): Call to undefined function ezd() on [C:\xampp\htdocs\cube2\data\class_extends\page_extends\LC_Page_Ex.php(38)] from ::1
customer_id = 
2016/01/29 17:56:46 [/cube2/html/original/index.php] Warning(E_USER_WARNING): ページ情報を取得できませんでした。 on [C:\xampp\htdocs\cube2\data\class\helper\SC_Helper_PageLayout.php(58)] from ::1
2016/01/29 17:56:46 [/cube2/html/original/index.php] Warning(E_USER_WARNING): メイン部のテンプレートが存在しません。[C:/xampp/htdocs/cube2/html/../data/Smarty/templates/default/.tpl] on [C:\xampp\htdocs\cube2\data\class\helper\SC_Helper_PageLayout.php(65)] from ::1
2016/01/29 17:56:53 [/cube2/html/original/index.php] Warning(E_USER_WARNING): ページ情報を取得できませんでした。 on [C:\xampp\htdocs\cube2\data\class\helper\SC_Helper_PageLayout.php(58)] from ::1
2016/01/29 17:56:53 [/cube2/html/original/index.php] Warning(E_USER_WARNING): メイン部のテンプレートが存在しません。[C:/xampp/htdocs/cube2/html/../data/Smarty/templates/default/.tpl] on [C:\xampp\htdocs\cube2\data\class\helper\SC_Helper_PageLayout.php(65)] from ::1
2016/01/29 17:56:56 [/cube2/html/original/index.php] Warning(E_USER_WARNING): ページ情報を取得できませんでした。 on [C:\xampp\htdocs\cube2\data\class\helper\SC_Helper_PageLayout.php(58)] from ::1
2016/01/29 17:56:56 [/cube2/html/original/index.php] Warning(E_USER_WARNING): メイン部のテンプレートが存在しません。[C:/xampp/htdocs/cube2/html/../data/Smarty/templates/default/.tpl] on [C:\xampp\htdocs\cube2\data\class\helper\SC_Helper_PageLayout.php(65)] from ::1
2016/01/29 17:57:36 [/cube2/html/original/index.php] Warning(E_USER_WARNING): ページ情報を取得できませんでした。 on [C:\xampp\htdocs\cube2\data\class\helper\SC_Helper_PageLayout.php(58)] from ::1
2016/01/29 17:57:36 [/cube2/html/original/index.php] Warning(E_USER_WARNING): メイン部のテンプレートが存在しません。[C:/xampp/htdocs/cube2/html/../data/Smarty/templates/default/.tpl] on [C:\xampp\htdocs\cube2\data\class\helper\SC_Helper_PageLayout.php(65)] from ::1
2016/01/29 17:57:36 [/cube2/html/original/index.php] Warning(E_USER_WARNING): ページ情報を取得できませんでした。 on [C:\xampp\htdocs\cube2\data\class\helper\SC_Helper_PageLayout.php(58)] from ::1
2016/01/29 17:57:36 [/cube2/html/original/index.php] Warning(E_USER_WARNING): メイン部のテンプレートが存在しません。[C:/xampp/htdocs/cube2/html/../data/Smarty/templates/default/.tpl] on [C:\xampp\htdocs\cube2\data\class\helper\SC_Helper_PageLayout.php(65)] from ::1
2016/01/29 17:57:44 [/cube2/html/original/index.php] Warning(E_USER_WARNING): ページ情報を取得できませんでした。 on [C:\xampp\htdocs\cube2\data\class\helper\SC_Helper_PageLayout.php(58)] from ::1
2016/01/29 17:57:44 [/cube2/html/original/index.php] Warning(E_USER_WARNING): メイン部のテンプレートが存在しません。[C:/xampp/htdocs/cube2/html/../data/Smarty/templates/default/.tpl] on [C:\xampp\htdocs\cube2\data\class\helper\SC_Helper_PageLayout.php(65)] from ::1
2016/01/29 17:57:45 [/cube2/html/original/index.php] Warning(E_USER_WARNING): ページ情報を取得できませんでした。 on [C:\xampp\htdocs\cube2\data\class\helper\SC_Helper_PageLayout.php(58)] from ::1
2016/01/29 17:57:45 [/cube2/html/original/index.php] Warning(E_USER_WARNING): メイン部のテンプレートが存在しません。[C:/xampp/htdocs/cube2/html/../data/Smarty/templates/default/.tpl] on [C:\xampp\htdocs\cube2\data\class\helper\SC_Helper_PageLayout.php(65)] from ::1
2016/01/29 17:58:35 [/cube2/html/index.php] Warning(E_WARNING): file_get_contents(http://localhost:3000/phpvar):  on [C:\xampp\htdocs\cube2\myfunc\debug.php(41)] from ::1
2016/01/29 17:58:35 [/cube2/html/original/index.php] Warning(E_USER_WARNING): ページ情報を取得できませんでした。 on [C:\xampp\htdocs\cube2\data\class\helper\SC_Helper_PageLayout.php(58)] from ::1
2016/01/29 17:58:35 [/cube2/html/original/index.php] Warning(E_USER_WARNING): メイン部のテンプレートが存在しません。[C:/xampp/htdocs/cube2/html/../data/Smarty/templates/default/.tpl] on [C:\xampp\htdocs\cube2\data\class\helper\SC_Helper_PageLayout.php(65)] from ::1
2016/01/29 17:58:35 [/cube2/html/original/index.php] Fatal error(E_ERROR): Call to undefined function ezd() on [C:\xampp\htdocs\cube2\data\class_extends\page_extends\LC_Page_Ex.php(37)] from ::1
customer_id = 
2016/01/29 17:58:37 [/cube2/html/index.php] Warning(E_WARNING): file_get_contents(http://localhost:3000/phpvar):  on [C:\xampp\htdocs\cube2\myfunc\debug.php(41)] from ::1
2016/01/29 17:58:37 [/cube2/html/original/index.php] Warning(E_USER_WARNING): ページ情報を取得できませんでした。 on [C:\xampp\htdocs\cube2\data\class\helper\SC_Helper_PageLayout.php(58)] from ::1
2016/01/29 17:58:37 [/cube2/html/original/index.php] Warning(E_USER_WARNING): メイン部のテンプレートが存在しません。[C:/xampp/htdocs/cube2/html/../data/Smarty/templates/default/.tpl] on [C:\xampp\htdocs\cube2\data\class\helper\SC_Helper_PageLayout.php(65)] from ::1
2016/01/29 17:58:37 [/cube2/html/original/index.php] Fatal error(E_ERROR): Call to undefined function ezd() on [C:\xampp\htdocs\cube2\data\class_extends\page_extends\LC_Page_Ex.php(37)] from ::1
customer_id = 
2016/01/29 17:58:50 [/cube2/html/original/index.php] Warning(E_USER_WARNING): ページ情報を取得できませんでした。 on [C:\xampp\htdocs\cube2\data\class\helper\SC_Helper_PageLayout.php(58)] from ::1
2016/01/29 17:58:50 [/cube2/html/original/index.php] Warning(E_USER_WARNING): メイン部のテンプレートが存在しません。[C:/xampp/htdocs/cube2/html/../data/Smarty/templates/default/.tpl] on [C:\xampp\htdocs\cube2\data\class\helper\SC_Helper_PageLayout.php(65)] from ::1
2016/01/29 17:58:50 [/cube2/html/original/index.php] Fatal error(E_ERROR): Call to undefined function ezd() on [C:\xampp\htdocs\cube2\data\class_extends\page_extends\LC_Page_Ex.php(37)] from ::1
customer_id = 
2016/01/29 18:00:04 [/cube2/html/original/index.php] Warning(E_USER_WARNING): ページ情報を取得できませんでした。 on [C:\xampp\htdocs\cube2\data\class\helper\SC_Helper_PageLayout.php(58)] from ::1
2016/01/29 18:00:04 [/cube2/html/original/index.php] Warning(E_USER_WARNING): メイン部のテンプレートが存在しません。[C:/xampp/htdocs/cube2/html/../data/Smarty/templates/default/.tpl] on [C:\xampp\htdocs\cube2\data\class\helper\SC_Helper_PageLayout.php(65)] from ::1
2016/01/29 18:00:08 [/cube2/html/original/index.php] Warning(E_USER_WARNING): ページ情報を取得できませんでした。 on [C:\xampp\htdocs\cube2\data\class\helper\SC_Helper_PageLayout.php(58)] from ::1
2016/01/29 18:00:08 [/cube2/html/original/index.php] Warning(E_USER_WARNING): メイン部のテンプレートが存在しません。[C:/xampp/htdocs/cube2/html/../data/Smarty/templates/default/.tpl] on [C:\xampp\htdocs\cube2\data\class\helper\SC_Helper_PageLayout.php(65)] from ::1
2016/01/29 18:00:52 [/cube2/html/original/index.php] Warning(E_USER_WARNING): ページ情報を取得できませんでした。 on [C:\xampp\htdocs\cube2\data\class\helper\SC_Helper_PageLayout.php(58)] from ::1
2016/01/29 18:00:52 [/cube2/html/original/index.php] Warning(E_USER_WARNING): メイン部のテンプレートが存在しません。[C:/xampp/htdocs/cube2/html/../data/Smarty/templates/default/.tpl] on [C:\xampp\htdocs\cube2\data\class\helper\SC_Helper_PageLayout.php(65)] from ::1
2016/01/29 18:02:00 [/cube2/html/original/index.php] Warning(E_USER_WARNING): ページ情報を取得できませんでした。 on [C:\xampp\htdocs\cube2\data\class\helper\SC_Helper_PageLayout.php(58)] from ::1
2016/01/29 18:02:00 [/cube2/html/original/index.php] Warning(E_USER_WARNING): メイン部のテンプレートが存在しません。[C:/xampp/htdocs/cube2/html/../data/Smarty/templates/default/.tpl] on [C:\xampp\htdocs\cube2\data\class\helper\SC_Helper_PageLayout.php(65)] from ::1
2016/01/29 18:02:00 [/cube2/html/original/index.php] Warning(E_USER_WARNING): ページ情報を取得できませんでした。 on [C:\xampp\htdocs\cube2\data\class\helper\SC_Helper_PageLayout.php(58)] from ::1
2016/01/29 18:02:00 [/cube2/html/original/index.php] Warning(E_USER_WARNING): メイン部のテンプレートが存在しません。[C:/xampp/htdocs/cube2/html/../data/Smarty/templates/default/.tpl] on [C:\xampp\htdocs\cube2\data\class\helper\SC_Helper_PageLayout.php(65)] from ::1
2016/01/29 18:02:51 [/cube2/html/original/index.php] Warning(E_USER_WARNING): ページ情報を取得できませんでした。 on [C:\xampp\htdocs\cube2\data\class\helper\SC_Helper_PageLayout.php(58)] from ::1
2016/01/29 18:02:51 [/cube2/html/original/index.php] Warning(E_USER_WARNING): メイン部のテンプレートが存在しません。[C:/xampp/htdocs/cube2/html/../data/Smarty/templates/default/.tpl] on [C:\xampp\htdocs\cube2\data\class\helper\SC_Helper_PageLayout.php(65)] from ::1
2016/01/29 18:04:10 [/cube2/html/original/index.php] Warning(E_USER_WARNING): ページ情報を取得できませんでした。 on [C:\xampp\htdocs\cube2\data\class\helper\SC_Helper_PageLayout.php(58)] from ::1
2016/01/29 18:04:10 [/cube2/html/original/index.php] Warning(E_USER_WARNING): メイン部のテンプレートが存在しません。[C:/xampp/htdocs/cube2/html/../data/Smarty/templates/default/.tpl] on [C:\xampp\htdocs\cube2\data\class\helper\SC_Helper_PageLayout.php(65)] from ::1
